[2019-01-08 10:20:52] INFO  org.springframework.boot.StartupInfoLogger 50 logStarting - Starting Springboot2Application on DESKTOP-HA6ONU5 with PID 2212 (D:\idea_WorkPlace\springboot2\out\production\classes started by ovo in D:\idea_WorkPlace\springboot2)
[2019-01-08 10:20:52] INFO  org.springframework.boot.SpringApplication 680 logStartupProfileInfo - No active profile set, falling back to default profiles: default
[2019-01-08 10:20:52] INFO  org.springframework.context.support.AbstractApplicationContext 590 prepareRefresh - Refreshing org.springframework.boot.web.servlet.context.AnnotationConfigServletWebServerApplicationContext@2e96e514: startup date [Tue Jan 08 10:20:52 CST 2019]; root of context hierarchy
[2019-01-08 10:20:56] INFO  org.springframework.boot.web.embedded.tomcat.TomcatWebServer 91 initialize - Tomcat initialized with port(s): 80 (http)
[2019-01-08 10:20:56] INFO  org.apache.juli.logging.DirectJDKLog 180 log - Starting service [Tomcat]
[2019-01-08 10:20:56] INFO  org.apache.juli.logging.DirectJDKLog 180 log - Starting Servlet Engine: Apache Tomcat/8.5.34
[2019-01-08 10:20:56] INFO  org.apache.juli.logging.DirectJDKLog 180 log - The APR based Apache Tomcat Native library which allows optimal performance in production environments was not found on the java.library.path: [C:\Program Files\Java\jdk1.8.0_172\bin;C:\WINDOWS\Sun\Java\bin;C:\WINDOWS\system32;C:\WINDOWS;C:\Program Files (x86)\Common Files\Oracle\Java\javapath;C:\Program Files (x86)\Intel\Intel(R) Management Engine Components\iCLS\;C:\Program Files\Intel\Intel(R) Management Engine Components\iCLS\;C:\Windows\system32;C:\Windows;C:\Windows\System32\Wbem;C:\Windows\System32\WindowsPowerShell\v1.0\;C:\Program Files (x86)\Intel\Intel(R) Management Engine Components\DAL;C:\Program Files\Intel\Intel(R) Management Engine Components\DAL;C:\Program Files (x86)\Intel\Intel(R) Management Engine Components\IPT;C:\Program Files\Intel\Intel(R) Management Engine Components\IPT;C:\Program Files\Intel\WiFi\bin\;C:\Program Files\Common Files\Intel\WirelessCommon\;C:\WINDOWS\system32;C:\WINDOWS;C:\WINDOWS\System32\Wbem;C:\WINDOWS\System32\WindowsPowerShell\v1.0\;C:\WINDOWS\System32\OpenSSH\;C:\Program Files\Java\jdk1.8.0_172\bin;C:\Program Files\Java\jdk1.8.0_172\jre\bin;D:\maven\bin;D:\maven\bin;D:\Git\cmd;D:\Git\mingw64\bin;D:\Git\usr\bin;D:\gradle\bin;C:\Program Files\nodejs\;C:\Program Files\PuTTY\;C:\Program Files\NVIDIA Corporation\NVIDIA NvDLISR;C:\Program Files (x86)\NVIDIA Corporation\PhysX\Common;C:\Users\ovo\AppData\Local\Microsoft\WindowsApps;C:\Users\ovo\AppData\Local\GitHubDesktop\bin;C:\Users\ovo\AppData\Roaming\npm;.]
[2019-01-08 10:20:56] INFO  org.apache.juli.logging.DirectJDKLog 180 log - Initializing Spring embedded WebApplicationContext
[2019-01-08 10:20:56] INFO  org.springframework.boot.web.servlet.context.ServletWebServerApplicationContext 285 prepareWebApplicationContext - Root WebApplicationContext: initialization completed in 3497 ms
[2019-01-08 10:20:56] INFO  org.springframework.boot.web.servlet.AbstractFilterRegistrationBean 245 configure - Mapping filter: 'characterEncodingFilter' to: [/*]
[2019-01-08 10:20:56] INFO  org.springframework.boot.web.servlet.AbstractFilterRegistrationBean 245 configure - Mapping filter: 'hiddenHttpMethodFilter' to: [/*]
[2019-01-08 10:20:56] INFO  org.springframework.boot.web.servlet.AbstractFilterRegistrationBean 245 configure - Mapping filter: 'httpPutFormContentFilter' to: [/*]
[2019-01-08 10:20:56] INFO  org.springframework.boot.web.servlet.AbstractFilterRegistrationBean 245 configure - Mapping filter: 'requestContextFilter' to: [/*]
[2019-01-08 10:20:56] INFO  org.springframework.boot.web.servlet.AbstractFilterRegistrationBean 245 configure - Mapping filter: 'springSecurityFilterChain' to: [/*]
[2019-01-08 10:20:56] INFO  org.springframework.boot.web.servlet.AbstractFilterRegistrationBean 258 configure - Mapping filter: 'webStatFilter' to urls: [/*]
[2019-01-08 10:20:56] INFO  org.springframework.boot.web.servlet.AbstractFilterRegistrationBean 245 configure - Mapping filter: 'remoteDevToolsDispatcherFilter' to: [/*]
[2019-01-08 10:20:56] INFO  org.springframework.boot.web.servlet.ServletRegistrationBean 187 addRegistration - Servlet dispatcherServlet mapped to [/]
[2019-01-08 10:20:56] INFO  org.springframework.boot.web.servlet.ServletRegistrationBean 187 addRegistration - Servlet statViewServlet mapped to [/druid/*]
[2019-01-08 10:20:56] INFO  com.alibaba.druid.spring.boot.autoconfigure.DruidDataSourceAutoConfigure 56 dataSource - Init DruidDataSource
[2019-01-08 10:20:57] INFO  com.alibaba.druid.pool.DruidDataSource 930 init - {dataSource-1} inited
[2019-01-08 10:20:58] INFO  org.springframework.security.web.DefaultSecurityFilterChain 43 <init> - Creating filter chain: org.springframework.security.web.util.matcher.AnyRequestMatcher@1, [org.springframework.security.web.context.request.async.WebAsyncManagerIntegrationFilter@1e502d55, org.springframework.security.web.context.SecurityContextPersistenceFilter@6aa19e1c, org.springframework.security.web.header.HeaderWriterFilter@ee113e8, org.springframework.security.web.authentication.logout.LogoutFilter@6e0af25e, org.springframework.security.web.authentication.UsernamePasswordAuthenticationFilter@6b0b2617, org.springframework.security.web.authentication.ui.DefaultLoginPageGeneratingFilter@65b3d9eb, org.springframework.security.web.authentication.www.BasicAuthenticationFilter@232c0ca, org.springframework.security.web.savedrequest.RequestCacheAwareFilter@28b71bf8, org.springframework.security.web.servletapi.SecurityContextHolderAwareRequestFilter@789e02d5, org.springframework.security.web.authentication.AnonymousAuthenticationFilter@261ba73d, org.springframework.security.web.session.SessionManagementFilter@4ff577c3, org.springframework.security.web.access.ExceptionTranslationFilter@478bdd3a, org.springframework.security.web.access.intercept.FilterSecurityInterceptor@9435d06]
[2019-01-08 10:20:58] INFO  org.springframework.web.servlet.handler.AbstractUrlHandlerMapping 373 registerHandler - Mapped URL path [/**/favicon.ico] onto handler of type [class org.springframework.web.servlet.resource.ResourceHttpRequestHandler]
[2019-01-08 10:20:58] INFO  org.springframework.web.servlet.mvc.method.annotation.RequestMappingHandlerAdapter 588 initControllerAdviceCache - Looking for @ControllerAdvice: org.springframework.boot.web.servlet.context.AnnotationConfigServletWebServerApplicationContext@2e96e514: startup date [Tue Jan 08 10:20:52 CST 2019]; root of context hierarchy
[2019-01-08 10:20:58] INFO  org.springframework.web.servlet.handler.AbstractHandlerMethodMapping$MappingRegistry 549 register - Mapped "{[/body/article]}" onto public org.springframework.web.servlet.ModelAndView cn.djb.springboot2.controller.ArticleController.article(org.springframework.web.servlet.ModelAndView)
[2019-01-08 10:20:58] INFO  org.springframework.web.servlet.handler.AbstractHandlerMethodMapping$MappingRegistry 549 register - Mapped "{[/body/allArticles]}" onto public org.springframework.web.servlet.ModelAndView cn.djb.springboot2.controller.ArticleController.articles(org.springframework.web.servlet.ModelAndView)
[2019-01-08 10:20:58] INFO  org.springframework.web.servlet.handler.AbstractHandlerMethodMapping$MappingRegistry 549 register - Mapped "{[/files/upload/file],methods=[POST]}" onto public java.lang.String cn.djb.springboot2.controller.FileController.handleFileUpload(org.springframework.web.multipart.MultipartFile,org.springframework.web.servlet.mvc.support.RedirectAttributes)
[2019-01-08 10:20:58] INFO  org.springframework.web.servlet.handler.AbstractHandlerMethodMapping$MappingRegistry 549 register - Mapped "{[/files/upload/image],methods=[POST]}" onto public void cn.djb.springboot2.controller.FileController.uploadImage(org.springframework.web.multipart.MultipartFile,javax.servlet.http.HttpServletRequest,javax.servlet.http.HttpServletResponse)
[2019-01-08 10:20:58] INFO  org.springframework.web.servlet.handler.AbstractHandlerMethodMapping$MappingRegistry 549 register - Mapped "{[/files/download],methods=[GET]}" onto public org.springframework.http.ResponseEntity<org.springframework.core.io.Resource> cn.djb.springboot2.controller.FileController.download(java.lang.String) throws java.io.IOException
[2019-01-08 10:20:58] INFO  org.springframework.web.servlet.handler.AbstractHandlerMethodMapping$MappingRegistry 549 register - Mapped "{[/frame/pageHeader],methods=[GET]}" onto public org.springframework.web.servlet.ModelAndView cn.djb.springboot2.controller.FramePageController.pageHeader()
[2019-01-08 10:20:58] INFO  org.springframework.web.servlet.handler.AbstractHandlerMethodMapping$MappingRegistry 549 register - Mapped "{[/frame/pageFooter],methods=[GET]}" onto public org.springframework.web.servlet.ModelAndView cn.djb.springboot2.controller.FramePageController.pageFooter(org.springframework.web.servlet.ModelAndView)
[2019-01-08 10:20:58] INFO  org.springframework.web.servlet.handler.AbstractHandlerMethodMapping$MappingRegistry 549 register - Mapped "{[/body/contactMe],methods=[GET]}" onto public org.springframework.web.servlet.ModelAndView cn.djb.springboot2.controller.FramePageController.contactMe(org.springframework.web.servlet.ModelAndView)
[2019-01-08 10:20:58] INFO  org.springframework.web.servlet.handler.AbstractHandlerMethodMapping$MappingRegistry 549 register - Mapped "{[/home],methods=[GET]}" onto public org.springframework.web.servlet.ModelAndView cn.djb.springboot2.controller.HomeController.home(org.springframework.web.servlet.ModelAndView)
[2019-01-08 10:20:58] INFO  org.springframework.web.servlet.handler.AbstractHandlerMethodMapping$MappingRegistry 549 register - Mapped "{[/getHomeArticles],methods=[GET]}" onto public java.util.List<cn.djb.springboot2.domain.BlogArticle> cn.djb.springboot2.controller.HomeController.getHomeArticle()
[2019-01-08 10:20:58] INFO  org.springframework.web.servlet.handler.AbstractHandlerMethodMapping$MappingRegistry 549 register - Mapped "{[/login],methods=[POST]}" onto public java.lang.String cn.djb.springboot2.controller.LoginController.login(cn.djb.springboot2.domain.BlogUser)
[2019-01-08 10:20:58] INFO  org.springframework.web.servlet.handler.AbstractHandlerMethodMapping$MappingRegistry 549 register - Mapped "{[/body/login],methods=[GET]}" onto public org.springframework.web.servlet.ModelAndView cn.djb.springboot2.controller.SimplePageController.getLoginPage()
[2019-01-08 10:20:58] INFO  org.springframework.web.servlet.handler.AbstractHandlerMethodMapping$MappingRegistry 549 register - Mapped "{[/test],methods=[GET]}" onto public org.springframework.web.servlet.ModelAndView cn.djb.springboot2.controller.TestController.test(org.springframework.web.servlet.ModelAndView)
[2019-01-08 10:20:58] INFO  org.springframework.web.servlet.handler.AbstractHandlerMethodMapping$MappingRegistry 549 register - Mapped "{[/users],methods=[GET]}" onto public java.lang.String cn.djb.springboot2.controller.UserController.users()
[2019-01-08 10:20:58] INFO  org.springframework.web.servlet.handler.AbstractHandlerMethodMapping$MappingRegistry 549 register - Mapped "{[/user],methods=[POST]}" onto public java.lang.String cn.djb.springboot2.controller.UserController.postUser()
[2019-01-08 10:20:58] INFO  org.springframework.web.servlet.handler.AbstractHandlerMethodMapping$MappingRegistry 549 register - Mapped "{[/user],methods=[GET]}" onto public java.lang.String cn.djb.springboot2.controller.UserController.getUser()
[2019-01-08 10:20:58] INFO  org.springframework.web.servlet.handler.AbstractHandlerMethodMapping$MappingRegistry 549 register - Mapped "{[/error]}" onto public org.springframework.http.ResponseEntity<java.util.Map<java.lang.String, java.lang.Object>> org.springframework.boot.autoconfigure.web.servlet.error.BasicErrorController.error(javax.servlet.http.HttpServletRequest)
[2019-01-08 10:20:58] INFO  org.springframework.web.servlet.handler.AbstractHandlerMethodMapping$MappingRegistry 549 register - Mapped "{[/error],produces=[text/html]}" onto public org.springframework.web.servlet.ModelAndView org.springframework.boot.autoconfigure.web.servlet.error.BasicErrorController.errorHtml(javax.servlet.http.HttpServletRequest,javax.servlet.http.HttpServletResponse)
[2019-01-08 10:20:58] INFO  org.springframework.web.servlet.handler.AbstractUrlHandlerMapping 373 registerHandler - Mapped URL path [/webjars/**] onto handler of type [class org.springframework.web.servlet.resource.ResourceHttpRequestHandler]
[2019-01-08 10:20:58] INFO  org.springframework.web.servlet.handler.AbstractUrlHandlerMapping 373 registerHandler - Mapped URL path [/**] onto handler of type [class org.springframework.web.servlet.resource.ResourceHttpRequestHandler]
[2019-01-08 10:20:58] INFO  org.springframework.web.servlet.handler.AbstractUrlHandlerMapping 373 registerHandler - Mapped URL path [/public/image/**] onto handler of type [class org.springframework.web.servlet.resource.ResourceHttpRequestHandler]
[2019-01-08 10:20:58] INFO  org.springframework.web.servlet.handler.AbstractUrlHandlerMapping 373 registerHandler - Mapped URL path [/static/**] onto handler of type [class org.springframework.web.servlet.resource.ResourceHttpRequestHandler]
[2019-01-08 10:20:58] INFO  org.springframework.boot.autoconfigure.web.servlet.WelcomePageHandlerMapping 61 <init> - Adding welcome page template: index
[2019-01-08 10:20:59] INFO  org.springframework.boot.devtools.autoconfigure.OptionalLiveReloadServer 57 startServer - LiveReload server is running on port 35729
[2019-01-08 10:20:59] INFO  org.springframework.jmx.export.MBeanExporter 433 afterSingletonsInstantiated - Registering beans for JMX exposure on startup
[2019-01-08 10:20:59] INFO  org.springframework.jmx.export.MBeanExporter 895 autodetect - Bean with name 'dataSource' has been autodetected for JMX exposure
[2019-01-08 10:20:59] INFO  org.springframework.jmx.export.MBeanExporter 668 registerBeanInstance - Located MBean 'dataSource': registering with JMX server as MBean [com.alibaba.druid.spring.boot.autoconfigure:name=dataSource,type=DruidDataSourceWrapper]
[2019-01-08 10:20:59] INFO  org.springframework.boot.web.embedded.tomcat.TomcatWebServer 206 start - Tomcat started on port(s): 80 (http) with context path ''
[2019-01-08 10:20:59] INFO  org.springframework.boot.StartupInfoLogger 59 logStarted - Started Springboot2Application in 6.736 seconds (JVM running for 8.604)
[2019-01-08 10:20:59] INFO  cn.djb.springboot2.Springboot2Application 39 lambda$commandLineRunner$0 - Let's inspect the beans provided by Spring Boot:
[2019-01-08 10:24:37] INFO  org.apache.juli.logging.DirectJDKLog 180 log - Initializing Spring FrameworkServlet 'dispatcherServlet'
[2019-01-08 10:24:37] INFO  org.springframework.web.servlet.FrameworkServlet 494 initServletBean - FrameworkServlet 'dispatcherServlet': initialization started
[2019-01-08 10:24:37] INFO  org.springframework.web.servlet.FrameworkServlet 509 initServletBean - FrameworkServlet 'dispatcherServlet': initialization completed in 32 ms
[2019-01-08 10:24:38] INFO  cn.djb.springboot2.controller.HomeController 23 home - home
